<?xml version="1.0" encoding="UTF-8"?>
<!-- Generated by org.testng.reporters.JUnitXMLReporter -->
<testsuite ignored="0" hostname="Mituls-MacBook-Pro.local" failures="0" tests="4" name="Command line test" time="0.699" errors="0" timestamp="30 Jul. 2020 02:09:24 GMT">
  <testcase classname="framework.base.BaseTest" name="@BeforeTest beforeTestRun" time="0.0">
    <failure type="org.testng.TestNGException" message="
Parameter &amp;apos;browser&amp;apos; is required by BeforeTest on method beforeTestRun but has not been marked @Optional or defined
">
      <![CDATA[org.testng.TestNGException: 
Parameter 'browser' is required by BeforeTest on method beforeTestRun but has not been marked @Optional or defined

... Removed 30 stack frames]]>
    </failure>
  </testcase> <!-- @BeforeTest beforeTestRun -->
  <testcase classname="framework.base.BaseTest" name="@AfterTest afterTestRun" time="0.0">
    <skipped/>
  </testcase> <!-- @AfterTest afterTestRun -->
  <testcase classname="testScripts.EcomTest" name="test1" time="0.0">
    <skipped/>
  </testcase> <!-- test1 -->
  <testcase classname="testScripts.EcomTest" name="test1" time="0.0">
    <skipped/>
  </testcase> <!-- test1 -->
  <testcase classname="testScripts.EcomTest" name="test2" time="0.0">
    <skipped/>
  </testcase> <!-- test2 -->
  <testcase classname="testScripts.EcomTest" name="test2" time="0.0">
    <skipped/>
  </testcase> <!-- test2 -->
</testsuite> <!-- Command line test -->
