<?xml version="1.0" encoding="UTF-8"?>
<!-- Generated by org.testng.reporters.JUnitXMLReporter -->
<testsuite ignored="0" hostname="Mituls-MacBook-Pro.local" failures="3" tests="4" name="functional" time="15.973" errors="0" timestamp="30 Jul 2020 02:17:34 GMT">
  <testcase classname="testScripts.EcomTest" name="test1" time="5.519">
    <failure type="java.lang.AssertionError" message="Actual Value: Printed Chiffon Dress expected [true] but found [false]">
      <![CDATA[java.lang.AssertionError: Actual Value: Printed Chiffon Dress expected [true] but found [false]
at testScripts.EcomTest.test1(EcomTest.java:64)
... Removed 32 stack frames]]>
    </failure>
  </testcase> <!-- test1 -->
  <testcase classname="testScripts.EcomTest" name="test1" time="2.785">
    <failure type="java.lang.AssertionError" message="Actual Value: Printed Summer Dress expected [true] but found [false]">
      <![CDATA[java.lang.AssertionError: Actual Value: Printed Summer Dress expected [true] but found [false]
at testScripts.EcomTest.test1(EcomTest.java:64)
... Removed 32 stack frames]]>
    </failure>
  </testcase> <!-- test1 -->
  <testcase classname="testScripts.EcomTest" name="test2" time="0.022"/>
  <testcase classname="testScripts.EcomTest" name="test2" time="0.012">
    <failure type="java.lang.AssertionError" message="expected [0123-456-789] but found [2145-123-654]">
      <![CDATA[java.lang.AssertionError: expected [0123-456-789] but found [2145-123-654]
at testScripts.EcomTest.test2(EcomTest.java:75)
... Removed 35 stack frames]]>
    </failure>
  </testcase> <!-- test2 -->
</testsuite> <!-- functional -->
