<?xml version="1.0" encoding="UTF-8"?>
<!-- Generated by org.testng.reporters.JUnitXMLReporter -->
<testsuite ignored="1" hostname="Mituls-MacBook-Pro.local" failures="2" tests="2" name="Functional" time="11.426" errors="0" timestamp="16 Jul. 2020 12:49:47 GMT">
  <testcase classname="testScripts.EcomTest" name="test1" time="4.329">
    <failure type="java.lang.AssertionError" message="Actual Value: Printed Chiffon Dress expected [true] but found [false]">
      <![CDATA[java.lang.AssertionError: Actual Value: Printed Chiffon Dress expected [true] but found [false]
at testScripts.EcomTest.test1(EcomTest.java:64)
at testScripts.Runner.main(Runner.java:75)
... Removed 25 stack frames]]>
    </failure>
  </testcase> <!-- test1 -->
  <testcase classname="testScripts.EcomTest" name="test1" time="3.687">
    <failure type="java.lang.AssertionError" message="Actual Value: Printed Summer Dress expected [true] but found [false]">
      <![CDATA[java.lang.AssertionError: Actual Value: Printed Summer Dress expected [true] but found [false]
at testScripts.EcomTest.test1(EcomTest.java:64)
at testScripts.Runner.main(Runner.java:75)
... Removed 25 stack frames]]>
    </failure>
  </testcase> <!-- test1 -->
  <testcase classname="testScripts.EcomTest" name="test2" time="0.0">
    <ignored/>
  </testcase> <!-- test2 -->
</testsuite> <!-- Functional -->
